<?xml version="1.0" encoding="UTF-8"?>
<!DOCTYPE para [
    <!ENTITY % ents SYSTEM "entity.ents">
    %ents;
]>
<para>&name;</para>
