<?xml version="1.0" encoding="UTF-8"?>
<!DOCTYPE para [
    <!ENTITY name "Tux">
]>
<para>&name;</para>
