<?xml version="1.0"?>
<article version="5.0"
  xmlns="http://docbook.org/ns/docbook"
  xmlns:xi="http://www.w3.org/2001/XInclude">
  <title>XInclude with pointer to file</title>
  <para/>
  <xi:include href="test-defined-entity.xml"/>
</article>
