<?xml version="1.0" encoding="UTF-8"?>
<?xml-model href="http://docbook.org/xml/5.2/rng/docbook.rng" schematypens="http://relaxng.org/ns/structure/1.0"?>
<?xml-model href="http://docbook.org/xml/5.2/sch/docbook.sch" type="application/xml" schematypens="http://purl.oclc.org/dsdl/schematron"?>

<article version="5.1"
    xmlns="http://docbook.org/ns/docbook"
    xmlns:xlink="http://www.w3.org/1999/xlink">
    <title>Test with no screen</title>
    <para/>
</article>
