<?xml version="1.0" encoding="UTF-8"?>
<!-- FATAL:PARSER:ERR_LTSLASH_REQUIRED  -->
<para> Missing end-tag
