<?xml version="1.0"?>
<article version="5.0"
  xmlns="http://docbook.org/ns/docbook"
  xmlns:xi="http://www.w3.org/2001/XInclude">
  <title>XInclude with pointer to non-existent file</title>
  <para/>
  <xi:include href="../good/test-defined-entity.xml"/>
  <xi:include href="test-syntax-err-undeclared-entity.xml"/>
</article>
