<?xml version="1.0" encoding="UTF-8"?>
<!-- FATAL:PARSER:ERR_NAME_REQUIRED -->
<para> & </para>
