<?xml version="1.0" encoding="UTF-8"?>
<!-- FATAL:PARSER:ERR_HYPHEN_IN_COMMENT -->
<!-- not -- allowed -->
<para/> 
