<?xml version="1.0" encoding="UTF-8"?>
<!-- FATAL:PARSER:ERR_COMMENT_NOT_FINISHED -->
<!-- FATAL:PARSER:ERR_DOCUMENT_EMPTY -->
<!-- 
