<?xml version="1.0" encoding="UTF-8"?>
<!-- FATAL:PARSER:ERR_UNDECLARED_ENTITY -->
<para>&unknown;</para>
